[debug] [2018-06-20T13:09:36.988Z] ----------------------------------------------------------------------
[debug] [2018-06-20T13:09:36.990Z] Command:       /home/dineshrao/.nvm/versions/node/v8.11.3/bin/node /home/dineshrao/.nvm/versions/node/v8.11.3/bin/firebase init
[debug] [2018-06-20T13:09:36.990Z] CLI Version:   3.18.6
[debug] [2018-06-20T13:09:36.990Z] Platform:      linux
[debug] [2018-06-20T13:09:36.990Z] Node Version:  v8.11.3
[debug] [2018-06-20T13:09:36.990Z] Time:          Wed Jun 20 2018 18:39:36 GMT+0530 (IST)
[debug] [2018-06-20T13:09:36.990Z] ----------------------------------------------------------------------
[debug] 
[debug] [2018-06-20T13:09:36.995Z] > command requires scopes: ["email","openid","https://www.googleapis.com/auth/cloudplatformprojects.readonly","https://www.googleapis.com/auth/firebase"]
[debug] [2018-06-20T13:09:36.995Z] > authorizing via signed-in user
[info] 
     ######## #### ########  ######## ########     ###     ######  ########
     ##        ##  ##     ## ##       ##     ##  ##   ##  ##       ##
     ######    ##  ########  ######   ########  #########  ######  ######
     ##        ##  ##    ##  ##       ##     ## ##     ##       ## ##
     ##       #### ##     ## ######## ########  ##     ##  ######  ########

You're about to initialize a Firebase project in this directory:

  /home/dineshrao/WebstormProjects/JyessTrading

[info] 
=== Project Setup
[info] 
[info] First, let's associate this project directory with a Firebase project.
[info] You can create multiple project aliases by running firebase use --add, 
[info] but for now we'll just set up a default project.
[info] 
[debug] [2018-06-20T13:09:46.189Z] > refreshing access token with scopes: ["email","https://www.googleapis.com/auth/cloudplatformprojects.readonly","https://www.googleapis.com/auth/firebase","openid"]
[debug] [2018-06-20T13:09:46.190Z] >>> HTTP REQUEST POST https://www.googleapis.com/oauth2/v3/token  
 { refresh_token: '1/Y_Xu-MVjODolMz6yj-hba7_D21VRcGF_mzcfjJuEHxg',
  client_id: '563584335869-fgrhgmd47bqnekij5i8b5pr03ho849e6.apps.googleusercontent.com',
  client_secret: 'j9iVZfS8kkCEFUPaAeJV0sAi',
  grant_type: 'refresh_token',
  scope: 'email https://www.googleapis.com/auth/cloudplatformprojects.readonly https://www.googleapis.com/auth/firebase openid' } 
 Wed Jun 20 2018 18:39:46 GMT+0530 (IST)
[debug] [2018-06-20T13:09:46.686Z] <<< HTTP RESPONSE 200
[debug] [2018-06-20T13:09:47.904Z] >>> HTTP REQUEST GET https://admin.firebase.com/v1/projects  
  
 Wed Jun 20 2018 18:39:47 GMT+0530 (IST)
[debug] [2018-06-20T13:09:49.594Z] <<< HTTP RESPONSE 200
[info] 
=== Hosting Setup
[info] 
[info] Your public directory is the folder (relative to your project directory) that
[info] will contain Hosting assets to be uploaded with firebase deploy. If you
[info] have a build process for your assets, use your build's output directory.
[info] 
